<?xml version="1.0" encoding="UTF-8"?>
<testng-results ignored="0" total="3" passed="2" failed="1" skipped="0">
  <reporter-output>
  </reporter-output>
  <suite started-at="2023-03-16T11:05:36 IST" name="Default suite" finished-at="2023-03-16T11:05:36 IST" duration-ms="57">
    <groups>
    </groups>
    <test started-at="2023-03-16T11:05:36 IST" name="Default test" finished-at="2023-03-16T11:05:36 IST" duration-ms="57">
      <class name="TestNg.ToVerifyHomePage">
        <test-method is-config="true" signature="bsConfig()[pri:0, instance:TestNg.ToVerifyHomePage@3059cbc]" started-at="2023-03-16T11:05:36 IST" name="bsConfig" finished-at="2023-03-16T11:05:36 IST" duration-ms="4" status="PASS">
          <reporter-output>
          </reporter-output>
        </test-method> <!-- bsConfig -->
        <test-method is-config="true" signature="bcConfig()[pri:0, instance:TestNg.ToVerifyHomePage@3059cbc]" started-at="2023-03-16T11:05:36 IST" name="bcConfig" finished-at="2023-03-16T11:05:36 IST" duration-ms="0" status="PASS">
          <reporter-output>
          </reporter-output>
        </test-method> <!-- bcConfig -->
        <test-method is-config="true" signature="bmConfig()[pri:0, instance:TestNg.ToVerifyHomePage@3059cbc]" started-at="2023-03-16T11:05:36 IST" name="bmConfig" finished-at="2023-03-16T11:05:36 IST" duration-ms="1" status="PASS">
          <reporter-output>
          </reporter-output>
        </test-method> <!-- bmConfig -->
        <test-method signature="toVerifyHomePage()[pri:0, instance:TestNg.ToVerifyHomePage@3059cbc]" started-at="2023-03-16T11:05:36 IST" name="toVerifyHomePage" finished-at="2023-03-16T11:05:36 IST" duration-ms="6" status="PASS">
          <reporter-output>
          </reporter-output>
        </test-method> <!-- toVerifyHomePage -->
        <test-method is-config="true" signature="amConfig()[pri:0, instance:TestNg.ToVerifyHomePage@3059cbc]" started-at="2023-03-16T11:05:36 IST" name="amConfig" finished-at="2023-03-16T11:05:36 IST" duration-ms="0" status="PASS">
          <reporter-output>
          </reporter-output>
        </test-method> <!-- amConfig -->
        <test-method is-config="true" signature="bmConfig()[pri:0, instance:TestNg.ToVerifyHomePage@3059cbc]" started-at="2023-03-16T11:05:36 IST" name="bmConfig" finished-at="2023-03-16T11:05:36 IST" duration-ms="0" status="PASS">
          <reporter-output>
          </reporter-output>
        </test-method> <!-- bmConfig -->
        <test-method signature="toVerifyTaskPage()[pri:0, instance:TestNg.ToVerifyHomePage@3059cbc]" started-at="2023-03-16T11:05:36 IST" name="toVerifyTaskPage" finished-at="2023-03-16T11:05:36 IST" duration-ms="7" status="FAIL">
          <exception class="java.lang.AssertionError">
            <message>
              <![CDATA[The following asserts failed:
expected [12] but found [123]]]>
            </message>
            <full-stacktrace>
              <![CDATA[java.lang.AssertionError: The following asserts failed:
expected [12] but found [123]
at org.testng.asserts.SoftAssert.assertAll(SoftAssert.java:47)
at org.testng.asserts.SoftAssert.assertAll(SoftAssert.java:31)
at TestNg.ToVerifyHomePage.toVerifyTaskPage(ToVerifyHomePage.java:28)
at java.base/jdk.internal.reflect.NativeMethodAccessorImpl.invoke0(Native Method)
at java.base/jdk.internal.reflect.NativeMethodAccessorImpl.invoke(NativeMethodAccessorImpl.java:77)
at java.base/jdk.internal.reflect.DelegatingMethodAccessorImpl.invoke(DelegatingMethodAccessorImpl.java:43)
at java.base/java.lang.reflect.Method.invoke(Method.java:568)
at org.testng.internal.MethodInvocationHelper.invokeMethod(MethodInvocationHelper.java:133)
at org.testng.internal.TestInvoker.invokeMethod(TestInvoker.java:598)
at org.testng.internal.TestInvoker.invokeTestMethod(TestInvoker.java:173)
at org.testng.internal.MethodRunner.runInSequence(MethodRunner.java:46)
at org.testng.internal.TestInvoker$MethodInvocationAgent.invoke(TestInvoker.java:824)
at org.testng.internal.TestInvoker.invokeTestMethods(TestInvoker.java:146)
at org.testng.internal.TestMethodWorker.invokeTestMethods(TestMethodWorker.java:146)
at org.testng.internal.TestMethodWorker.run(TestMethodWorker.java:128)
at java.base/java.util.ArrayList.forEach(ArrayList.java:1511)
at org.testng.TestRunner.privateRun(TestRunner.java:794)
at org.testng.TestRunner.run(TestRunner.java:596)
at org.testng.SuiteRunner.runTest(SuiteRunner.java:377)
at org.testng.SuiteRunner.runSequentially(SuiteRunner.java:371)
at org.testng.SuiteRunner.privateRun(SuiteRunner.java:332)
at org.testng.SuiteRunner.run(SuiteRunner.java:276)
at org.testng.SuiteRunnerWorker.runSuite(SuiteRunnerWorker.java:53)
at org.testng.SuiteRunnerWorker.run(SuiteRunnerWorker.java:96)
at org.testng.TestNG.runSuitesSequentially(TestNG.java:1212)
at org.testng.TestNG.runSuitesLocally(TestNG.java:1134)
at org.testng.TestNG.runSuites(TestNG.java:1063)
at org.testng.TestNG.run(TestNG.java:1031)
at org.testng.remote.AbstractRemoteTestNG.run(AbstractRemoteTestNG.java:115)
at org.testng.remote.RemoteTestNG.initAndRun(RemoteTestNG.java:251)
at org.testng.remote.RemoteTestNG.main(RemoteTestNG.java:77)
]]>
            </full-stacktrace>
          </exception> <!-- java.lang.AssertionError -->
          <reporter-output>
          </reporter-output>
        </test-method> <!-- toVerifyTaskPage -->
        <test-method is-config="true" signature="amConfig()[pri:0, instance:TestNg.ToVerifyHomePage@3059cbc]" started-at="2023-03-16T11:05:36 IST" name="amConfig" finished-at="2023-03-16T11:05:36 IST" duration-ms="0" status="PASS">
          <reporter-output>
          </reporter-output>
        </test-method> <!-- amConfig -->
        <test-method is-config="true" signature="bmConfig()[pri:0, instance:TestNg.ToVerifyHomePage@3059cbc]" started-at="2023-03-16T11:05:36 IST" name="bmConfig" finished-at="2023-03-16T11:05:36 IST" duration-ms="0" status="PASS">
          <reporter-output>
          </reporter-output>
        </test-method> <!-- bmConfig -->
        <test-method signature="toVerifyUserPage()[pri:0, instance:TestNg.ToVerifyHomePage@3059cbc]" started-at="2023-03-16T11:05:36 IST" name="toVerifyUserPage" finished-at="2023-03-16T11:05:36 IST" duration-ms="1" status="PASS">
          <reporter-output>
          </reporter-output>
        </test-method> <!-- toVerifyUserPage -->
        <test-method is-config="true" signature="amConfig()[pri:0, instance:TestNg.ToVerifyHomePage@3059cbc]" started-at="2023-03-16T11:05:36 IST" name="amConfig" finished-at="2023-03-16T11:05:36 IST" duration-ms="1" status="PASS">
          <reporter-output>
          </reporter-output>
        </test-method> <!-- amConfig -->
        <test-method is-config="true" signature="acConfig()[pri:0, instance:TestNg.ToVerifyHomePage@3059cbc]" started-at="2023-03-16T11:05:36 IST" name="acConfig" finished-at="2023-03-16T11:05:36 IST" duration-ms="0" status="PASS">
          <reporter-output>
          </reporter-output>
        </test-method> <!-- acConfig -->
        <test-method is-config="true" signature="asConfig()[pri:0, instance:TestNg.ToVerifyHomePage@3059cbc]" started-at="2023-03-16T11:05:36 IST" name="asConfig" finished-at="2023-03-16T11:05:36 IST" duration-ms="1" status="PASS">
          <reporter-output>
          </reporter-output>
        </test-method> <!-- asConfig -->
      </class> <!-- TestNg.ToVerifyHomePage -->
    </test> <!-- Default test -->
  </suite> <!-- Default suite -->
</testng-results>
